# JRE version: 7.0_25-b17
# Java VM: Java HotSpot(TM) 64-Bit Server VM (23.25-b01 mixed mode windows-amd64 compressed oops)
Heap
 PSYoungGen      total 99840K, used 3629K [0x00000007d6e00000, 0x00000007ddd30000, 0x0000000800000000)
  eden space 86592K, 0% used [0x00000007d6e00000,0x00000007d6e00000,0x00000007dc290000)
  from space 13248K, 27% used [0x00000007dcfc0000,0x00000007dd34b400,0x00000007ddcb0000)
  to   space 13504K, 0% used [0x00000007dc290000,0x00000007dc290000,0x00000007dcfc0000)
 ParOldGen       total 84224K, used 22364K [0x0000000784a00000, 0x0000000789c40000, 0x00000007d6e00000)
  object space 84224K, 26% used [0x0000000784a00000,0x0000000785fd7020,0x0000000789c40000)
 PSPermGen       total 21248K, used 20866K [0x000000077f800000, 0x0000000780cc0000, 0x0000000784a00000)
  object space 21248K, 98% used [0x000000077f800000,0x0000000780c60ba8,0x0000000780cc0000)
GC Heap History (10 events):
Event: 6.765 GC heap after
Heap after GC invocations=6 (full 0):
 PSYoungGen      total 35264K, used 7791K [0x00000007d6e00000, 0x00000007da120000, 0x0000000800000000)
  eden space 27456K, 0% used [0x00000007d6e00000,0x00000007d6e00000,0x00000007d88d0000)
  from space 7808K, 99% used [0x00000007d93b0000,0x00000007d9b4bf18,0x00000007d9b50000)
  to   space 11136K, 0% used [0x00000007d88d0000,0x00000007d88d0000,0x00000007d93b0000)
 ParOldGen       total 84224K, used 8550K [0x0000000784a00000, 0x0000000789c40000, 0x00000007d6e00000)
  object space 84224K, 10% used [0x0000000784a00000,0x0000000785259980,0x0000000789c40000)
 PSPermGen       total 21248K, used 16989K [0x000000077f800000, 0x0000000780cc0000, 0x0000000784a00000)
  object space 21248K, 79% used [0x000000077f800000,0x00000007808977e0,0x0000000780cc0000)
}
Event: 7.555 GC heap before
{Heap before GC invocations=7 (full 0):
 PSYoungGen      total 35264K, used 35247K [0x00000007d6e00000, 0x00000007da120000, 0x0000000800000000)
  eden space 27456K, 100% used [0x00000007d6e00000,0x00000007d88d0000,0x00000007d88d0000)
  from space 7808K, 99% used [0x00000007d93b0000,0x00000007d9b4bf18,0x00000007d9b50000)
  to   space 11136K, 0% used [0x00000007d88d0000,0x00000007d88d0000,0x00000007d93b0000)
 ParOldGen       total 84224K, used 8550K [0x0000000784a00000, 0x0000000789c40000, 0x00000007d6e00000)
  object space 84224K, 10% used [0x0000000784a00000,0x0000000785259980,0x0000000789c40000)
 PSPermGen       total 21248K, used 17416K [0x000000077f800000, 0x0000000780cc0000, 0x0000000784a00000)
  object space 21248K, 81% used [0x000000077f800000,0x0000000780902208,0x0000000780cc0000)
Event: 7.572 GC heap after
Heap after GC invocations=7 (full 0):
 PSYoungGen      total 38592K, used 10716K [0x00000007d6e00000, 0x00000007dbc00000, 0x0000000800000000)
  eden space 27456K, 0% used [0x00000007d6e00000,0x00000007d6e00000,0x00000007d88d0000)
  from space 11136K, 96% used [0x00000007d88d0000,0x00000007d9347210,0x00000007d93b0000)
  to   space 12480K, 0% used [0x00000007dafd0000,0x00000007dafd0000,0x00000007dbc00000)
 ParOldGen       total 84224K, used 11094K [0x0000000784a00000, 0x0000000789c40000, 0x00000007d6e00000)
  object space 84224K, 13% used [0x0000000784a00000,0x00000007854d59c0,0x0000000789c40000)
 PSPermGen       total 21248K, used 17416K [0x000000077f800000, 0x0000000780cc0000, 0x0000000784a00000)
  object space 21248K, 81% used [0x000000077f800000,0x0000000780902208,0x0000000780cc0000)
}
Event: 8.354 GC heap before
{Heap before GC invocations=8 (full 0):
 PSYoungGen      total 38592K, used 38172K [0x00000007d6e00000, 0x00000007dbc00000, 0x0000000800000000)
  eden space 27456K, 100% used [0x00000007d6e00000,0x00000007d88d0000,0x00000007d88d0000)
  from space 11136K, 96% used [0x00000007d88d0000,0x00000007d9347210,0x00000007d93b0000)
  to   space 12480K, 0% used [0x00000007dafd0000,0x00000007dafd0000,0x00000007dbc00000)
 ParOldGen       total 84224K, used 11094K [0x0000000784a00000, 0x0000000789c40000, 0x00000007d6e00000)
  object space 84224K, 13% used [0x0000000784a00000,0x00000007854d59c0,0x0000000789c40000)
 PSPermGen       total 21248K, used 18403K [0x000000077f800000, 0x0000000780cc0000, 0x0000000784a00000)
  object space 21248K, 86% used [0x000000077f800000,0x00000007809f8e58,0x0000000780cc0000)
Event: 8.369 GC heap after
Heap after GC invocations=8 (full 0):
 PSYoungGen      total 66752K, used 10312K [0x00000007d6e00000, 0x00000007dbd40000, 0x0000000800000000)
  eden space 54272K, 0% used [0x00000007d6e00000,0x00000007d6e00000,0x00000007da300000)
  from space 12480K, 82% used [0x00000007dafd0000,0x00000007db9e2098,0x00000007dbc00000)
  to   space 13120K, 0% used [0x00000007da300000,0x00000007da300000,0x00000007dafd0000)
 ParOldGen       total 84224K, used 12864K [0x0000000784a00000, 0x0000000789c40000, 0x00000007d6e00000)
  object space 84224K, 15% used [0x0000000784a00000,0x00000007856901d0,0x0000000789c40000)
 PSPermGen       total 21248K, used 18403K [0x000000077f800000, 0x0000000780cc0000, 0x0000000784a00000)
  object space 21248K, 86% used [0x000000077f800000,0x00000007809f8e58,0x0000000780cc0000)
}
Event: 12.477 GC heap before
{Heap before GC invocations=9 (full 0):
 PSYoungGen      total 66752K, used 64584K [0x00000007d6e00000, 0x00000007dbd40000, 0x0000000800000000)
  eden space 54272K, 100% used [0x00000007d6e00000,0x00000007da300000,0x00000007da300000)
  from space 12480K, 82% used [0x00000007dafd0000,0x00000007db9e2098,0x00000007dbc00000)
  to   space 13120K, 0% used [0x00000007da300000,0x00000007da300000,0x00000007dafd0000)
 ParOldGen       total 84224K, used 12864K [0x0000000784a00000, 0x0000000789c40000, 0x00000007d6e00000)
  object space 84224K, 15% used [0x0000000784a00000,0x00000007856901d0,0x0000000789c40000)
 PSPermGen       total 21248K, used 20294K [0x000000077f800000, 0x0000000780cc0000, 0x0000000784a00000)
  object space 21248K, 95% used [0x000000077f800000,0x0000000780bd1848,0x0000000780cc0000)
Event: 12.488 GC heap after
Heap after GC invocations=9 (full 0):
 PSYoungGen      total 67392K, used 9551K [0x00000007d6e00000, 0x00000007ddcb0000, 0x0000000800000000)
  eden space 54272K, 0% used [0x00000007d6e00000,0x00000007d6e00000,0x00000007da300000)
  from space 13120K, 72% used [0x00000007da300000,0x00000007dac53ed0,0x00000007dafd0000)
  to   space 13248K, 0% used [0x00000007dcfc0000,0x00000007dcfc0000,0x00000007ddcb0000)
 ParOldGen       total 84224K, used 16295K [0x0000000784a00000, 0x0000000789c40000, 0x00000007d6e00000)
  object space 84224K, 19% used [0x0000000784a00000,0x00000007859e9c70,0x0000000789c40000)
 PSPermGen       total 21248K, used 20294K [0x000000077f800000, 0x0000000780cc0000, 0x0000000784a00000)
  object space 21248K, 95% used [0x000000077f800000,0x0000000780bd1848,0x0000000780cc0000)
}
Event: 13.652 GC heap before
{Heap before GC invocations=10 (full 0):
 PSYoungGen      total 67392K, used 39095K [0x00000007d6e00000, 0x00000007ddcb0000, 0x0000000800000000)
  eden space 54272K, 54% used [0x00000007d6e00000,0x00000007d8ad9fc0,0x00000007da300000)
  from space 13120K, 72% used [0x00000007da300000,0x00000007dac53ed0,0x00000007dafd0000)
  to   space 13248K, 0% used [0x00000007dcfc0000,0x00000007dcfc0000,0x00000007ddcb0000)
 ParOldGen       total 84224K, used 16295K [0x0000000784a00000, 0x0000000789c40000, 0x00000007d6e00000)
  object space 84224K, 19% used [0x0000000784a00000,0x00000007859e9c70,0x0000000789c40000)
 PSPermGen       total 21248K, used 20866K [0x000000077f800000, 0x0000000780cc0000, 0x0000000784a00000)
  object space 21248K, 98% used [0x000000077f800000,0x0000000780c60ba8,0x0000000780cc0000)
Event: 13.661 GC heap after
Heap after GC invocations=10 (full 0):
 PSYoungGen      total 99840K, used 3629K [0x00000007d6e00000, 0x00000007ddd30000, 0x0000000800000000)
  eden space 86592K, 0% used [0x00000007d6e00000,0x00000007d6e00000,0x00000007dc290000)
  from space 13248K, 27% used [0x00000007dcfc0000,0x00000007dd34b400,0x00000007ddcb0000)
  to   space 13504K, 0% used [0x00000007dc290000,0x00000007dc290000,0x00000007dcfc0000)
 ParOldGen       total 84224K, used 22364K [0x0000000784a00000, 0x0000000789c40000, 0x00000007d6e00000)
  object space 84224K, 26% used [0x0000000784a00000,0x0000000785fd7020,0x0000000789c40000)
 PSPermGen       total 21248K, used 20866K [0x000000077f800000, 0x0000000780cc0000, 0x0000000784a00000)
  object space 21248K, 98% used [0x000000077f800000,0x0000000780c60ba8,0x0000000780cc0000)
}
Event: 13.661 GC heap before
{Heap before GC invocations=11 (full 1):
 PSYoungGen      total 99840K, used 3629K [0x00000007d6e00000, 0x00000007ddd30000, 0x0000000800000000)
  eden space 86592K, 0% used [0x00000007d6e00000,0x00000007d6e00000,0x00000007dc290000)
  from space 13248K, 27% used [0x00000007dcfc0000,0x00000007dd34b400,0x00000007ddcb0000)
  to   space 13504K, 0% used [0x00000007dc290000,0x00000007dc290000,0x00000007dcfc0000)
 ParOldGen       total 84224K, used 22364K [0x0000000784a00000, 0x0000000789c40000, 0x00000007d6e00000)
  object space 84224K, 26% used [0x0000000784a00000,0x0000000785fd7020,0x0000000789c40000)
 PSPermGen       total 21248K, used 20866K [0x000000077f800000, 0x0000000780cc0000, 0x0000000784a00000)
  object space 21248K, 98% used [0x000000077f800000,0x0000000780c60ba8,0x0000000780cc0000)

